#
# A fatal error has been detected by the Java Runtime Environment:
#
#  SIGSEGV (0xb) at pc=0x000000010f7d2188, pid=2961, tid=50443
#
# JRE version: Java(TM) SE Runtime Environment (8.0_51-b16) (build 1.8.0_51-b16)
# Java VM: Java HotSpot(TM) 64-Bit Server VM (25.51-b03 mixed mode bsd-amd64 compressed oops)
# Problematic frame:
# j  game.MainMenu.access$0()V+0
#
# Failed to write core dump. Core dumps have been disabled. To enable core dumping, try "ulimit -c unlimited" before starting Java again
#
# If you would like to submit a bug report, please visit:
#   http://bugreport.java.com/bugreport/crash.jsp
#

---------------  T H R E A D  ---------------

Current thread (0x00007ff539880800):  JavaThread "AWT-EventQueue-0" [_thread_in_Java, id=50443, stack(0x00000001298d9000,0x00000001299d9000)]

siginfo: si_signo: 11 (SIGSEGV), si_code: 1 (SEGV_MAPERR), si_addr: 0x00000004f80022ee

Registers:
RAX=0x00000007ab20da30, RBX=0x00000001299d6470, RCX=0x00000004f80022ee, RDX=0x00000007ab210e00
RSP=0x00000007ab20d930, RBP=0x00000001299d64b0, RSI=0x00000007ab20da30, RDI=0x0000000000000000
R8 =0x0000000000000000, R9 =0x00007ff53845e398, R10=0x0000000000000000, R11=0x00000007ab20d248
R12=0x0000000000000000, R13=0x00000001218f50b0, R14=0x00000001299d64b8, R15=0x00007ff539880800
RIP=0x000000010f7d2188, EFLAGS=0x0000000000010206, ERR=0x0000000000000004
  TRAPNO=0x000000000000000e

Top of Stack: (sp=0x00000007ab20d930)
0x00000007ab20d930:   0000000000000001 0000000000000000
0x00000007ab20d940:   f5641b26f5641b2a 0000000000000000
0x00000007ab20d950:   0000000000000001 0000000000000000
0x00000007ab20d960:   0000000000000000 0000000000000000
0x00000007ab20d970:   0000005cf8000041 0000000000000000
0x00000007ab20d980:   0076006c006f0073 0000000000000000
0x00000007ab20d990:   00690070006d006f 0000000000000000
0x00000007ab20d9a0:   00700020006e006f 0000000000000000
0x00000007ab20d9b0:   0020003a006d0065 0000000000000000
0x00000007ab20d9c0:   0065006d00200065 0000000000000000
0x00000007ab20d9d0:   0074006500670020 0000000000000000
0x00000007ab20d9e0:   002900280073006c 0000000000000000
0x00000007ab20d9f0:   00650064006e0075 0000000000000000
0x00000007ab20da00:   006f006600200064 0000000000000000
0x00000007ab20da10:   0079007400200065 0000000000000000
0x00000007ab20da20:   004d006e00690061 0000000000000000
0x00000007ab20da30:   0000000000000001 0000000000000000
0x00000007ab20da40:   f5641b54f5641b4a f5641b78f5641b66
0x00000007ab20da50:   0000000000000001 00000020f8000131
0x00000007ab20da60:   0001000300060000 0017001000020061
0x00000007ab20da70:   0105002000a50004 00300035010b002c
0x00000007ab20da80:   003500040006000e 000a00350030007d
0x00000007ab20da90:   0001000600020001 0006000200010002
0x00000007ab20daa0:   0000000000000001 00000020f800016d
0x00000007ab20dab0:   0038000000060000 0000000000000000
0x00000007ab20dac0:   0005000000530000 0075000000220000
0x00000007ab20dad0:   0040000000230000 0051000000170000
0x00000007ab20dae0:   024d000000120000 00020000002a0000
0x00000007ab20daf0:   008f000001470000 000c000000320000
0x00000007ab20db00:   0002000000130000 0003000000290000
0x00000007ab20db10:   0001000000200000 001c000000000000
0x00000007ab20db20:   000b000000060000 0000000000010000 

Instructions: (pc=0x000000010f7d2188)
0x000000010f7d2168:   48 8b 75 c0 48 8d 5d c0 e9 82 02 00 00 4c 89 6d
0x000000010f7d2178:   c8 48 8d 06 48 8b 4e 08 48 c7 46 08 00 00 00 00
0x000000010f7d2188:   48 8b 11 48 83 e2 07 48 83 fa 05 0f 84 2f 01 00
0x000000010f7d2198:   00 48 8b 10 48 85 d2 0f 84 23 01 00 00 f0 48 0f 

Register to memory mapping:

RAX=0x00000007ab20da30 is an oop

[error occurred during error reporting (printing register info), id 0xb]

Stack: [0x00000001298d9000,0x00000001299d9000],  sp=0x00000007ab20d930,  free space=27288786k
Native frames: (J=compiled Java code, j=interpreted, Vv=VM code, C=native code)
j  game.MainMenu.access$0()V+0
j  game.MainMenu$2.actionPerformed(Ljava/awt/event/ActionEvent;)V+0
j  javax.swing.AbstractButton.fireActionPerformed(Ljava/awt/event/ActionEvent;)V+83
j  javax.swing.AbstractButton$Handler.actionPerformed(Ljava/awt/event/ActionEvent;)V+5
j  javax.swing.DefaultButtonModel.fireActionPerformed(Ljava/awt/event/ActionEvent;)V+34
j  javax.swing.DefaultButtonModel.setPressed(Z)V+117
j  javax.swing.plaf.basic.BasicButtonListener.mouseReleased(Ljava/awt/event/MouseEvent;)V+35
j  java.awt.Component.processMouseEvent(Ljava/awt/event/MouseEvent;)V+64
j  javax.swing.JComponent.processMouseEvent(Ljava/awt/event/MouseEvent;)V+23
j  java.awt.Component.processEvent(Ljava/awt/AWTEvent;)V+81
j  java.awt.Container.processEvent(Ljava/awt/AWTEvent;)V+18
j  java.awt.Component.dispatchEventImpl(Ljava/awt/AWTEvent;)V+589
j  java.awt.Container.dispatchEventImpl(Ljava/awt/AWTEvent;)V+42
j  java.awt.Component.dispatchEvent(Ljava/awt/AWTEvent;)V+2
j  java.awt.LightweightDispatcher.retargetMouseEvent(Ljava/awt/Component;ILjava/awt/event/MouseEvent;)V+327
j  java.awt.LightweightDispatcher.processMouseEvent(Ljava/awt/event/MouseEvent;)Z+143
j  java.awt.LightweightDispatcher.dispatchEvent(Ljava/awt/AWTEvent;)Z+50
j  java.awt.Container.dispatchEventImpl(Ljava/awt/AWTEvent;)V+12
j  java.awt.Window.dispatchEventImpl(Ljava/awt/AWTEvent;)V+19
j  java.awt.Component.dispatchEvent(Ljava/awt/AWTEvent;)V+2
j  java.awt.EventQueue.dispatchEventImpl(Ljava/awt/AWTEvent;Ljava/lang/Object;)V+41
j  java.awt.EventQueue.access$500(Ljava/awt/EventQueue;Ljava/awt/AWTEvent;Ljava/lang/Object;)V+3
j  java.awt.EventQueue$3.run()Ljava/lang/Void;+32
j  java.awt.EventQueue$3.run()Ljava/lang/Object;+1
v  ~StubRoutines::call_stub
V  [libjvm.dylib+0x2e01e2]
V  [libjvm.dylib+0x3386d0]
j  java.security.AccessController.doPrivileged(Ljava/security/PrivilegedAction;Ljava/security/AccessControlContext;)Ljava/lang/Object;+0
j  java.security.ProtectionDomain$1.doIntersectionPrivilege(Ljava/security/PrivilegedAction;Ljava/security/AccessControlContext;Ljava/security/AccessControlContext;)Ljava/lang/Object;+28
j  java.security.ProtectionDomain$1.doIntersectionPrivilege(Ljava/security/PrivilegedAction;Ljava/security/AccessControlContext;)Ljava/lang/Object;+6
j  java.awt.EventQueue$4.run()Ljava/lang/Void;+11
j  java.awt.EventQueue$4.run()Ljava/lang/Object;+1
v  ~StubRoutines::call_stub
V  [libjvm.dylib+0x2e01e2]
V  [libjvm.dylib+0x3386d0]
j  java.security.AccessController.doPrivileged(Ljava/security/PrivilegedAction;Ljava/security/AccessControlContext;)Ljava/lang/Object;+0
j  java.security.ProtectionDomain$1.doIntersectionPrivilege(Ljava/security/PrivilegedAction;Ljava/security/AccessControlContext;Ljava/security/AccessControlContext;)Ljava/lang/Object;+28
j  java.awt.EventQueue.dispatchEvent(Ljava/awt/AWTEvent;)V+73
j  java.awt.EventDispatchThread.pumpOneEventForFilters(I)V+245
j  java.awt.EventDispatchThread.pumpEventsForFilter(ILjava/awt/Conditional;Ljava/awt/EventFilter;)V+35
j  java.awt.EventDispatchThread.pumpEventsForHierarchy(ILjava/awt/Conditional;Ljava/awt/Component;)V+11
j  java.awt.EventDispatchThread.pumpEvents(ILjava/awt/Conditional;)V+4
j  java.awt.EventDispatchThread.pumpEvents(Ljava/awt/Conditional;)V+3
j  java.awt.EventDispatchThread.run()V+9
v  ~StubRoutines::call_stub
V  [libjvm.dylib+0x2e01e2]
V  [libjvm.dylib+0x2e0970]
V  [libjvm.dylib+0x2e0b1c]
V  [libjvm.dylib+0x33305d]
V  [libjvm.dylib+0x549a6f]
V  [libjvm.dylib+0x54b160]
V  [libjvm.dylib+0x46e99e]
C  [libsystem_pthread.dylib+0x405a]  _pthread_body+0x83
C  [libsystem_pthread.dylib+0x3fd7]  _pthread_body+0x0
C  [libsystem_pthread.dylib+0x13ed]  thread_start+0xd
C  0x0000000000000000


---------------  P R O C E S S  ---------------

Java Threads: ( => current thread )
  0x00007ff5390e9800 JavaThread "Java2D Disposer" daemon [_thread_blocked, id=53031, stack(0x000000012a9c5000,0x000000012aac5000)]
  0x00007ff5390af000 JavaThread "Java2D Queue Flusher" daemon [_thread_blocked, id=52231, stack(0x00000001299dc000,0x0000000129adc000)]
  0x00007ff53a0ec800 JavaThread "DestroyJavaVM" [_thread_blocked, id=4867, stack(0x000000010deaa000,0x000000010dfaa000)]
=>0x00007ff539880800 JavaThread "AWT-EventQueue-0" [_thread_in_Java, id=50443, stack(0x00000001298d9000,0x00000001299d9000)]
  0x00007ff53a0e7000 JavaThread "AWT-Shutdown" [_thread_blocked, id=29459, stack(0x0000000126eaa000,0x0000000126faa000)]
  0x00007ff53904d800 JavaThread "AppKit Thread" daemon [_thread_in_native, id=1811, stack(0x00007fff5166d000,0x00007fff51e6d000)]
  0x00007ff539034000 JavaThread "Service Thread" daemon [_thread_blocked, id=19459, stack(0x0000000125289000,0x0000000125389000)]
  0x00007ff53a058800 JavaThread "C1 CompilerThread2" daemon [_thread_blocked, id=18947, stack(0x0000000125186000,0x0000000125286000)]
  0x00007ff53880a000 JavaThread "C2 CompilerThread1" daemon [_thread_blocked, id=18435, stack(0x0000000125083000,0x0000000125183000)]
  0x00007ff539818800 JavaThread "C2 CompilerThread0" daemon [_thread_blocked, id=17923, stack(0x0000000124f80000,0x0000000125080000)]
  0x00007ff53980d000 JavaThread "JDWP Command Reader" daemon [_thread_in_native, id=17411, stack(0x0000000124e7d000,0x0000000124f7d000)]
  0x00007ff53980b800 JavaThread "JDWP Event Helper Thread" daemon [_thread_blocked, id=16899, stack(0x0000000124d7a000,0x0000000124e7a000)]
  0x00007ff53980c800 JavaThread "JDWP Transport Listener: dt_socket" daemon [_thread_blocked, id=16387, stack(0x0000000124c77000,0x0000000124d77000)]
  0x00007ff53a057000 JavaThread "Signal Dispatcher" daemon [_thread_blocked, id=12811, stack(0x0000000124b6d000,0x0000000124c6d000)]
  0x00007ff53a037000 JavaThread "Finalizer" daemon [_thread_blocked, id=11523, stack(0x00000001231ca000,0x00000001232ca000)]
  0x00007ff53a036800 JavaThread "Reference Handler" daemon [_thread_blocked, id=11011, stack(0x00000001230c7000,0x00000001231c7000)]

Other Threads:
  0x00007ff53a033800 VMThread [stack: 0x0000000122fc4000,0x00000001230c4000] [id=10499]
  0x00007ff539031800 WatcherThread [stack: 0x000000012538c000,0x000000012548c000] [id=19971]

VM state:not at safepoint (normal execution)

VM Mutex/Monitor currently owned by a thread: None

Heap:
 PSYoungGen      total 18944K, used 7540K [0x00000007aab00000, 0x00000007ac000000, 0x00000007c0000000)
  eden space 16384K, 46% used [0x00000007aab00000,0x00000007ab25d228,0x00000007abb00000)
  from space 2560K, 0% used [0x00000007abd80000,0x00000007abd80000,0x00000007ac000000)
  to   space 2560K, 0% used [0x00000007abb00000,0x00000007abb00000,0x00000007abd80000)
 ParOldGen       total 44032K, used 0K [0x0000000780000000, 0x0000000782b00000, 0x00000007aab00000)
  object space 44032K, 0% used [0x0000000780000000,0x0000000780000000,0x0000000782b00000)
 Metaspace       used 9422K, capacity 9638K, committed 9728K, reserved 1058816K
  class space    used 1154K, capacity 1225K, committed 1280K, reserved 1048576K

Card table byte_map: [0x000000011eb7d000,0x000000011ed7e000] byte_map_base: 0x000000011af7d000

Marking Bits: (ParMarkBitMap*) 0x000000010f0c27a0
 Begin Bits: [0x000000011f2e0000, 0x00000001202e0000)
 End Bits:   [0x00000001202e0000, 0x00000001212e0000)

Polling page: 0x000000010dfef000

CodeCache: size=245760Kb used=2021Kb max_used=2021Kb free=243738Kb
 bounds [0x000000010f7bd000, 0x000000010fa2d000, 0x000000011e7bd000]
 total_blobs=898 nmethods=420 adapters=400
 compilation: enabled

Compilation events (10 events):
Event: 2.596 Thread 0x00007ff53a058800  415       1       java.awt.Component::getWidth (5 bytes)
Event: 2.596 Thread 0x00007ff53a058800 nmethod 415 0x000000010f9b54d0 code [0x000000010f9b5620, 0x000000010f9b5730]
Event: 2.596 Thread 0x00007ff53a058800  416       1       java.awt.Component::getHeight (5 bytes)
Event: 2.596 Thread 0x00007ff53a058800 nmethod 416 0x000000010f9b5790 code [0x000000010f9b58e0, 0x000000010f9b59f0]
Event: 2.659 Thread 0x00007ff53a058800  418       3       java.util.HashMap::afterNodeAccess (1 bytes)
Event: 2.659 Thread 0x00007ff53a058800 nmethod 418 0x000000010f9b5fd0 code [0x000000010f9b6120, 0x000000010f9b6270]
Event: 2.659 Thread 0x00007ff53a058800  419       1       java.awt.Component::getObjectLock (5 bytes)
Event: 2.659 Thread 0x00007ff53a058800 nmethod 419 0x000000010f9b62d0 code [0x000000010f9b6420, 0x000000010f9b6530]
Event: 2.700 Thread 0x00007ff53a058800  420       1       java.awt.Component::getTreeLock (4 bytes)
Event: 2.700 Thread 0x00007ff53a058800 nmethod 420 0x000000010f9b6590 code [0x000000010f9b66e0, 0x000000010f9b67f0]

GC Heap History (0 events):
No events

Deoptimization events (0 events):
No events

Internal exceptions (10 events):
Event: 0.266 Thread 0x00007ff538809000 Exception <a 'java/security/PrivilegedActionException'> (0x00000007aacdc5d8) thrown at [/Users/java_re/workspace/8-2-build-macosx-x86_64/jdk8u51/3951/hotspot/src/share/vm/prims/jvm.cpp, line 1382]
Event: 0.266 Thread 0x00007ff538809000 Exception <a 'java/security/PrivilegedActionException'> (0x00000007aacdc790) thrown at [/Users/java_re/workspace/8-2-build-macosx-x86_64/jdk8u51/3951/hotspot/src/share/vm/prims/jvm.cpp, line 1382]
Event: 0.287 Thread 0x00007ff538809000 Exception <a 'java/security/PrivilegedActionException'> (0x00000007aad00d70) thrown at [/Users/java_re/workspace/8-2-build-macosx-x86_64/jdk8u51/3951/hotspot/src/share/vm/prims/jvm.cpp, line 1382]
Event: 0.287 Thread 0x00007ff538809000 Exception <a 'java/security/PrivilegedActionException'> (0x00000007aad00f28) thrown at [/Users/java_re/workspace/8-2-build-macosx-x86_64/jdk8u51/3951/hotspot/src/share/vm/prims/jvm.cpp, line 1382]
Event: 0.287 Thread 0x00007ff538809000 Exception <a 'java/security/PrivilegedActionException'> (0x00000007aad04118) thrown at [/Users/java_re/workspace/8-2-build-macosx-x86_64/jdk8u51/3951/hotspot/src/share/vm/prims/jvm.cpp, line 1382]
Event: 0.287 Thread 0x00007ff538809000 Exception <a 'java/security/PrivilegedActionException'> (0x00000007aad042d0) thrown at [/Users/java_re/workspace/8-2-build-macosx-x86_64/jdk8u51/3951/hotspot/src/share/vm/prims/jvm.cpp, line 1382]
Event: 0.469 Thread 0x00007ff538809000 Exception <a 'java/io/FileNotFoundException'> (0x00000007aad094e0) thrown at [/Users/java_re/workspace/8-2-build-macosx-x86_64/jdk8u51/3951/hotspot/src/share/vm/prims/jni.cpp, line 709]
Event: 0.470 Thread 0x00007ff538809000 Exception <a 'java/io/FileNotFoundException'> (0x00000007aad0a000) thrown at [/Users/java_re/workspace/8-2-build-macosx-x86_64/jdk8u51/3951/hotspot/src/share/vm/prims/jni.cpp, line 709]
Event: 0.547 Thread 0x00007ff53904d800 Exception <a 'java/lang/NoSuchFieldError': method resolution failed> (0x00000007aaeb0d48) thrown at [/Users/java_re/workspace/8-2-build-macosx-x86_64/jdk8u51/3951/hotspot/src/share/vm/prims/methodHandles.cpp, line 1125]
Event: 0.552 Thread 0x00007ff53904d800 Exception <a 'java/lang/NoSuchFieldError': method resolution failed> (0x00000007aaebf438) thrown at [/Users/java_re/workspace/8-2-build-macosx-x86_64/jdk8u51/3951/hotspot/src/share/vm/prims/methodHandles.cpp, line 1125]

Events (10 events):
Event: 152.097 Executing VM operation: ChangeSingleStep
Event: 152.098 Executing VM operation: ChangeSingleStep done
Event: 152.098 Executing VM operation: ChangeSingleStep
Event: 152.098 Executing VM operation: ChangeSingleStep done
Event: 152.098 Executing VM operation: GetCurrentLocation
Event: 152.098 Executing VM operation: GetCurrentLocation done
Event: 152.098 Executing VM operation: ChangeSingleStep
Event: 152.098 Executing VM operation: ChangeSingleStep done
Event: 152.098 Executing VM operation: ChangeSingleStep
Event: 152.098 Executing VM operation: ChangeSingleStep done


Dynamic libraries:
0x0000000009f2d000 	/System/Library/Frameworks/Cocoa.framework/Versions/A/Cocoa
0x0000000009f2d000 	/System/Library/Frameworks/Security.framework/Versions/A/Security
0x0000000009f2d000 	/System/Library/Frameworks/ApplicationServices.framework/Versions/A/ApplicationServices
0x0000000009f2d000 	/usr/lib/libz.1.dylib
0x0000000009f2d000 	/usr/lib/libSystem.B.dylib
0x0000000009f2d000 	/usr/lib/libobjc.A.dylib
0x0000000009f2d000 	/System/Library/Frameworks/CoreFoundation.framework/Versions/A/CoreFoundation
0x0000000009f2d000 	/System/Library/Frameworks/Foundation.framework/Versions/C/Foundation
0x0000000009f2d000 	/System/Library/Frameworks/AppKit.framework/Versions/C/AppKit
0x0000000009f2d000 	/System/Library/Frameworks/CoreData.framework/Versions/A/CoreData
0x0000000009f2d000 	/System/Library/PrivateFrameworks/RemoteViewServices.framework/Versions/A/RemoteViewServices
0x0000000009f2d000 	/System/Library/PrivateFrameworks/UIFoundation.framework/Versions/A/UIFoundation
0x0000000009f2d000 	/System/Library/Frameworks/IOSurface.framework/Versions/A/IOSurface
0x0000000009f2d000 	/System/Library/Frameworks/AudioToolbox.framework/Versions/A/AudioToolbox
0x0000000009f2d000 	/System/Library/Frameworks/AudioUnit.framework/Versions/A/AudioUnit
0x0000000009f2d000 	/System/Library/PrivateFrameworks/DataDetectorsCore.framework/Versions/A/DataDetectorsCore
0x0000000009f2d000 	/System/Library/PrivateFrameworks/DesktopServicesPriv.framework/Versions/A/DesktopServicesPriv
0x0000000009f2d000 	/System/Library/Frameworks/Carbon.framework/Versions/A/Frameworks/HIToolbox.framework/Versions/A/HIToolbox
0x0000000009f2d000 	/System/Library/Frameworks/QuartzCore.framework/Versions/A/QuartzCore
0x0000000009f2d000 	/System/Library/Frameworks/Carbon.framework/Versions/A/Frameworks/SpeechRecognition.framework/Versions/A/SpeechRecognition
0x0000000009f2d000 	/usr/lib/libauto.dylib
0x0000000009f2d000 	/usr/lib/libicucore.A.dylib
0x0000000009f2d000 	/usr/lib/libxml2.2.dylib
0x0000000009f2d000 	/System/Library/PrivateFrameworks/CoreUI.framework/Versions/A/CoreUI
0x0000000009f2d000 	/System/Library/Frameworks/CoreAudio.framework/Versions/A/CoreAudio
0x0000000009f2d000 	/System/Library/Frameworks/DiskArbitration.framework/Versions/A/DiskArbitration
0x0000000009f2d000 	/usr/lib/liblangid.dylib
0x0000000009f2d000 	/System/Library/PrivateFrameworks/MultitouchSupport.framework/Versions/A/MultitouchSupport
0x0000000009f2d000 	/System/Library/Frameworks/IOKit.framework/Versions/A/IOKit
0x0000000009f2d000 	/usr/lib/libDiagnosticMessagesClient.dylib
0x0000000009f2d000 	/System/Library/Frameworks/CoreServices.framework/Versions/A/CoreServices
0x0000000009f2d000 	/System/Library/PrivateFrameworks/PerformanceAnalysis.framework/Versions/A/PerformanceAnalysis
0x0000000009f2d000 	/System/Library/PrivateFrameworks/GenerationalStorage.framework/Versions/A/GenerationalStorage
0x0000000009f2d000 	/System/Library/Frameworks/OpenGL.framework/Versions/A/OpenGL
0x0000000009f2d000 	/System/Library/PrivateFrameworks/Sharing.framework/Versions/A/Sharing
0x0000000009f2d000 	/System/Library/Frameworks/CoreGraphics.framework/Versions/A/CoreGraphics
0x0000000009f2d000 	/System/Library/Frameworks/CoreText.framework/Versions/A/CoreText
0x0000000009f2d000 	/System/Library/Frameworks/ImageIO.framework/Versions/A/ImageIO
0x0000000009f2d000 	/usr/lib/libextension.dylib
0x0000000009f2d000 	/System/Library/PrivateFrameworks/Backup.framework/Versions/A/Backup
0x0000000009f2d000 	/usr/lib/libarchive.2.dylib
0x0000000009f2d000 	/System/Library/Frameworks/CFNetwork.framework/Versions/A/CFNetwork
0x0000000009f2d000 	/System/Library/Frameworks/SystemConfiguration.framework/Versions/A/SystemConfiguration
0x0000000009f2d000 	/usr/lib/libCRFSuite.dylib
0x0000000009f2d000 	/usr/lib/libc++.1.dylib
0x0000000009f2d000 	/usr/lib/libc++abi.dylib
0x0000000009f2d000 	/usr/lib/system/libcache.dylib
0x0000000009f2d000 	/usr/lib/system/libcommonCrypto.dylib
0x0000000009f2d000 	/usr/lib/system/libcompiler_rt.dylib
0x0000000009f2d000 	/usr/lib/system/libcopyfile.dylib
0x0000000009f2d000 	/usr/lib/system/libcorecrypto.dylib
0x0000000009f2d000 	/usr/lib/system/libdispatch.dylib
0x0000000009f2d000 	/usr/lib/system/libdyld.dylib
0x0000000009f2d000 	/usr/lib/system/libkeymgr.dylib
0x0000000009f2d000 	/usr/lib/system/liblaunch.dylib
0x0000000009f2d000 	/usr/lib/system/libmacho.dylib
0x0000000009f2d000 	/usr/lib/system/libquarantine.dylib
0x0000000009f2d000 	/usr/lib/system/libremovefile.dylib
0x0000000009f2d000 	/usr/lib/system/libsystem_asl.dylib
0x0000000009f2d000 	/usr/lib/system/libsystem_blocks.dylib
0x0000000009f2d000 	/usr/lib/system/libsystem_c.dylib
0x0000000009f2d000 	/usr/lib/system/libsystem_configuration.dylib
0x0000000009f2d000 	/usr/lib/system/libsystem_coreservices.dylib
0x0000000009f2d000 	/usr/lib/system/libsystem_coretls.dylib
0x0000000009f2d000 	/usr/lib/system/libsystem_dnssd.dylib
0x0000000009f2d000 	/usr/lib/system/libsystem_info.dylib
0x0000000009f2d000 	/usr/lib/system/libsystem_kernel.dylib
0x0000000009f2d000 	/usr/lib/system/libsystem_m.dylib
0x0000000009f2d000 	/usr/lib/system/libsystem_malloc.dylib
0x0000000009f2d000 	/usr/lib/system/libsystem_network.dylib
0x0000000009f2d000 	/usr/lib/system/libsystem_networkextension.dylib
0x0000000009f2d000 	/usr/lib/system/libsystem_notify.dylib
0x0000000009f2d000 	/usr/lib/system/libsystem_platform.dylib
0x0000000009f2d000 	/usr/lib/system/libsystem_pthread.dylib
0x0000000009f2d000 	/usr/lib/system/libsystem_sandbox.dylib
0x0000000009f2d000 	/usr/lib/system/libsystem_secinit.dylib
0x0000000009f2d000 	/usr/lib/system/libsystem_stats.dylib
0x0000000009f2d000 	/usr/lib/system/libsystem_trace.dylib
0x0000000009f2d000 	/usr/lib/system/libunc.dylib
0x0000000009f2d000 	/usr/lib/system/libunwind.dylib
0x0000000009f2d000 	/usr/lib/system/libxpc.dylib
0x0000000009f2d000 	/usr/lib/libbz2.1.0.dylib
0x0000000009f2d000 	/usr/lib/liblzma.5.dylib
0x0000000009f2d000 	/usr/lib/libbsm.0.dylib
0x0000000009f2d000 	/usr/lib/libsqlite3.dylib
0x0000000009f2d000 	/usr/lib/system/libkxld.dylib
0x0000000009f2d000 	/usr/lib/libxar.1.dylib
0x0000000009f2d000 	/usr/lib/libpam.2.dylib
0x0000000009f2d000 	/usr/lib/libOpenScriptingUtil.dylib
0x0000000009f2d000 	/System/Library/Frameworks/CoreServices.framework/Versions/A/Frameworks/FSEvents.framework/Versions/A/FSEvents
0x0000000009f2d000 	/System/Library/Frameworks/CoreServices.framework/Versions/A/Frameworks/CarbonCore.framework/Versions/A/CarbonCore
0x0000000009f2d000 	/System/Library/Frameworks/CoreServices.framework/Versions/A/Frameworks/Metadata.framework/Versions/A/Metadata
0x0000000009f2d000 	/System/Library/Frameworks/CoreServices.framework/Versions/A/Frameworks/OSServices.framework/Versions/A/OSServices
0x0000000009f2d000 	/System/Library/Frameworks/CoreServices.framework/Versions/A/Frameworks/SearchKit.framework/Versions/A/SearchKit
0x0000000009f2d000 	/System/Library/Frameworks/CoreServices.framework/Versions/A/Frameworks/AE.framework/Versions/A/AE
0x0000000009f2d000 	/System/Library/Frameworks/CoreServices.framework/Versions/A/Frameworks/LaunchServices.framework/Versions/A/LaunchServices
0x0000000009f2d000 	/System/Library/Frameworks/CoreServices.framework/Versions/A/Frameworks/DictionaryServices.framework/Versions/A/DictionaryServices
0x0000000009f2d000 	/System/Library/Frameworks/NetFS.framework/Versions/A/NetFS
0x0000000009f2d000 	/System/Library/PrivateFrameworks/NetAuth.framework/Versions/A/NetAuth
0x0000000009f2d000 	/System/Library/PrivateFrameworks/login.framework/Versions/A/Frameworks/loginsupport.framework/Versions/A/loginsupport
0x0000000009f2d000 	/System/Library/PrivateFrameworks/TCC.framework/Versions/A/TCC
0x0000000009f2d000 	/usr/lib/libmecabra.dylib
0x0000000009f2d000 	/System/Library/Frameworks/ApplicationServices.framework/Versions/A/Frameworks/ATS.framework/Versions/A/ATS
0x0000000009f2d000 	/System/Library/Frameworks/ApplicationServices.framework/Versions/A/Frameworks/ColorSync.framework/Versions/A/ColorSync
0x0000000009f2d000 	/System/Library/Frameworks/ApplicationServices.framework/Versions/A/Frameworks/HIServices.framework/Versions/A/HIServices
0x0000000009f2d000 	/System/Library/Frameworks/ApplicationServices.framework/Versions/A/Frameworks/LangAnalysis.framework/Versions/A/LangAnalysis
0x0000000009f2d000 	/System/Library/Frameworks/ApplicationServices.framework/Versions/A/Frameworks/PrintCore.framework/Versions/A/PrintCore
0x0000000009f2d000 	/System/Library/Frameworks/ApplicationServices.framework/Versions/A/Frameworks/QD.framework/Versions/A/QD
0x0000000009f2d000 	/System/Library/Frameworks/ApplicationServices.framework/Versions/A/Frameworks/SpeechSynthesis.framework/Versions/A/SpeechSynthesis
0x0000000009f2d000 	/System/Library/Frameworks/Accelerate.framework/Versions/A/Accelerate
0x0000000009f2d000 	/System/Library/Frameworks/Accelerate.framework/Versions/A/Frameworks/vImage.framework/Versions/A/vImage
0x0000000009f2d000 	/System/Library/Frameworks/Accelerate.framework/Versions/A/Frameworks/vecLib.framework/Versions/A/vecLib
0x0000000009f2d000 	/System/Library/Frameworks/Accelerate.framework/Versions/A/Frameworks/vecLib.framework/Versions/A/libvDSP.dylib
0x0000000009f2d000 	/System/Library/Frameworks/Accelerate.framework/Versions/A/Frameworks/vecLib.framework/Versions/A/libvMisc.dylib
0x0000000009f2d000 	/System/Library/Frameworks/Accelerate.framework/Versions/A/Frameworks/vecLib.framework/Versions/A/libLAPACK.dylib
0x0000000009f2d000 	/System/Library/Frameworks/Accelerate.framework/Versions/A/Frameworks/vecLib.framework/Versions/A/libBLAS.dylib
0x0000000009f2d000 	/System/Library/Frameworks/Accelerate.framework/Versions/A/Frameworks/vecLib.framework/Versions/A/libLinearAlgebra.dylib
0x0000000009f2d000 	/System/Library/Frameworks/ApplicationServices.framework/Versions/A/Frameworks/ATS.framework/Versions/A/Resources/libFontParser.dylib
0x0000000009f2d000 	/System/Library/Frameworks/ApplicationServices.framework/Versions/A/Frameworks/ATS.framework/Versions/A/Resources/libFontRegistry.dylib
0x0000000009f2d000 	/System/Library/PrivateFrameworks/AppleVPA.framework/Versions/A/AppleVPA
0x0000000009f2d000 	/System/Library/PrivateFrameworks/AppleJPEG.framework/Versions/A/AppleJPEG
0x0000000009f2d000 	/System/Library/Frameworks/ImageIO.framework/Versions/A/Resources/libJPEG.dylib
0x0000000009f2d000 	/System/Library/Frameworks/ImageIO.framework/Versions/A/Resources/libTIFF.dylib
0x0000000009f2d000 	/System/Library/Frameworks/ImageIO.framework/Versions/A/Resources/libPng.dylib
0x0000000009f2d000 	/System/Library/Frameworks/ImageIO.framework/Versions/A/Resources/libGIF.dylib
0x0000000009f2d000 	/System/Library/Frameworks/ImageIO.framework/Versions/A/Resources/libJP2.dylib
0x0000000009f2d000 	/System/Library/Frameworks/ImageIO.framework/Versions/A/Resources/libRadiance.dylib
0x0000000009f2d000 	/System/Library/Frameworks/CoreVideo.framework/Versions/A/CoreVideo
0x0000000009f2d000 	/System/Library/Frameworks/OpenGL.framework/Versions/A/Libraries/libGLU.dylib
0x0000000009f2d000 	/System/Library/Frameworks/OpenGL.framework/Versions/A/Libraries/libGFXShared.dylib
0x0000000009f2d000 	/System/Library/Frameworks/OpenGL.framework/Versions/A/Libraries/libGL.dylib
0x0000000009f2d000 	/System/Library/Frameworks/OpenGL.framework/Versions/A/Libraries/libGLImage.dylib
0x0000000009f2d000 	/System/Library/Frameworks/OpenGL.framework/Versions/A/Libraries/libCVMSPluginSupport.dylib
0x0000000009f2d000 	/System/Library/Frameworks/OpenGL.framework/Versions/A/Libraries/libCoreVMClient.dylib
0x0000000009f2d000 	/usr/lib/libcups.2.dylib
0x0000000009f2d000 	/System/Library/Frameworks/Kerberos.framework/Versions/A/Kerberos
0x0000000009f2d000 	/System/Library/Frameworks/GSS.framework/Versions/A/GSS
0x0000000009f2d000 	/usr/lib/libresolv.9.dylib
0x0000000009f2d000 	/usr/lib/libiconv.2.dylib
0x0000000009f2d000 	/System/Library/PrivateFrameworks/Heimdal.framework/Versions/A/Heimdal
0x0000000009f2d000 	/usr/lib/libheimdal-asn1.dylib
0x0000000009f2d000 	/System/Library/Frameworks/OpenDirectory.framework/Versions/A/OpenDirectory
0x0000000009f2d000 	/System/Library/PrivateFrameworks/CommonAuth.framework/Versions/A/CommonAuth
0x0000000009f2d000 	/System/Library/Frameworks/OpenDirectory.framework/Versions/A/Frameworks/CFOpenDirectory.framework/Versions/A/CFOpenDirectory
0x0000000009f2d000 	/System/Library/Frameworks/SecurityFoundation.framework/Versions/A/SecurityFoundation
0x0000000009f2d000 	/System/Library/PrivateFrameworks/LanguageModeling.framework/Versions/A/LanguageModeling
0x0000000009f2d000 	/usr/lib/libcmph.dylib
0x0000000009f2d000 	/System/Library/Frameworks/ServiceManagement.framework/Versions/A/ServiceManagement
0x0000000009f2d000 	/usr/lib/libxslt.1.dylib
0x0000000009f2d000 	/System/Library/Frameworks/Carbon.framework/Versions/A/Frameworks/Ink.framework/Versions/A/Ink
0x0000000009f2d000 	/System/Library/Frameworks/QuartzCore.framework/Versions/A/Frameworks/CoreImage.framework/Versions/A/CoreImage
0x0000000009f2d000 	/System/Library/PrivateFrameworks/CrashReporterSupport.framework/Versions/A/CrashReporterSupport
0x0000000009f2d000 	/System/Library/Frameworks/OpenCL.framework/Versions/A/OpenCL
0x0000000009f2d000 	/System/Library/PrivateFrameworks/FaceCore.framework/Versions/A/FaceCore
0x0000000009f2d000 	/System/Library/PrivateFrameworks/Ubiquity.framework/Versions/A/Ubiquity
0x0000000009f2d000 	/System/Library/PrivateFrameworks/IconServices.framework/Versions/A/IconServices
0x0000000009f2d000 	/System/Library/PrivateFrameworks/ChunkingLibrary.framework/Versions/A/ChunkingLibrary
0x0000000009f2d000 	/System/Library/PrivateFrameworks/Apple80211.framework/Versions/A/Apple80211
0x0000000009f2d000 	/System/Library/Frameworks/CoreWLAN.framework/Versions/A/CoreWLAN
0x0000000009f2d000 	/System/Library/Frameworks/IOBluetooth.framework/Versions/A/IOBluetooth
0x0000000009f2d000 	/System/Library/PrivateFrameworks/CoreWiFi.framework/Versions/A/CoreWiFi
0x0000000009f2d000 	/System/Library/Frameworks/CoreBluetooth.framework/Versions/A/CoreBluetooth
0x0000000009f2d000 	/System/Library/PrivateFrameworks/DebugSymbols.framework/Versions/A/DebugSymbols
0x0000000009f2d000 	/System/Library/PrivateFrameworks/CoreSymbolication.framework/Versions/A/CoreSymbolication
0x0000000009f2d000 	/System/Library/PrivateFrameworks/Symbolication.framework/Versions/A/Symbolication
0x0000000009f2d000 	/System/Library/PrivateFrameworks/SpeechRecognitionCore.framework/Versions/A/SpeechRecognitionCore
0x000000010e800000 	/Library/Java/JavaVirtualMachines/jdk1.8.0_51.jdk/Contents/Home/jre/lib/server/libjvm.dylib
0x0000000009f2d000 	/usr/lib/libstdc++.6.dylib
0x000000010dfac000 	/Library/Java/JavaVirtualMachines/jdk1.8.0_51.jdk/Contents/Home/jre/lib/libverify.dylib
0x000000010dfba000 	/Library/Java/JavaVirtualMachines/jdk1.8.0_51.jdk/Contents/Home/jre/lib/libjava.dylib
0x000000010f769000 	/Library/Java/JavaVirtualMachines/jdk1.8.0_51.jdk/Contents/Home/jre/lib/libjdwp.dylib
0x000000010dff0000 	/Library/Java/JavaVirtualMachines/jdk1.8.0_51.jdk/Contents/Home/jre/lib/libnpt.dylib
0x000000010f7b4000 	/Library/Java/JavaVirtualMachines/jdk1.8.0_51.jdk/Contents/Home/jre/lib/libzip.dylib
0x00000001232cc000 	/System/Library/Frameworks/JavaVM.framework/Frameworks/JavaRuntimeSupport.framework/JavaRuntimeSupport
0x00000001232e7000 	/System/Library/Frameworks/JavaVM.framework/Versions/A/Frameworks/JavaNativeFoundation.framework/Versions/A/JavaNativeFoundation
0x00000001232fc000 	/System/Library/Frameworks/JavaVM.framework/Versions/A/JavaVM
0x0000000009f2d000 	/System/Library/Frameworks/Carbon.framework/Versions/A/Carbon
0x0000000123309000 	/System/Library/PrivateFrameworks/JavaLaunching.framework/Versions/A/JavaLaunching
0x0000000009f2d000 	/System/Library/Frameworks/Carbon.framework/Versions/A/Frameworks/CommonPanels.framework/Versions/A/CommonPanels
0x0000000009f2d000 	/System/Library/Frameworks/Carbon.framework/Versions/A/Frameworks/Help.framework/Versions/A/Help
0x0000000009f2d000 	/System/Library/Frameworks/Carbon.framework/Versions/A/Frameworks/ImageCapture.framework/Versions/A/ImageCapture
0x0000000009f2d000 	/System/Library/Frameworks/Carbon.framework/Versions/A/Frameworks/OpenScripting.framework/Versions/A/OpenScripting
0x0000000009f2d000 	/System/Library/Frameworks/Carbon.framework/Versions/A/Frameworks/Print.framework/Versions/A/Print
0x0000000009f2d000 	/System/Library/Frameworks/Carbon.framework/Versions/A/Frameworks/SecurityHI.framework/Versions/A/SecurityHI
0x0000000124c6f000 	/Library/Java/JavaVirtualMachines/jdk1.8.0_51.jdk/Contents/Home/jre/lib/libdt_socket.dylib
0x00000001254ca000 	/Library/Java/JavaVirtualMachines/jdk1.8.0_51.jdk/Contents/Home/jre/lib/libawt.dylib
0x0000000125572000 	/Library/Java/JavaVirtualMachines/jdk1.8.0_51.jdk/Contents/Home/jre/lib/./libmlib_image.dylib
0x000000012563e000 	/Library/Java/JavaVirtualMachines/jdk1.8.0_51.jdk/Contents/Home/jre/lib/libawt_lwawt.dylib
0x00000001256f2000 	/Library/Java/JavaVirtualMachines/jdk1.8.0_51.jdk/Contents/Home/jre/lib/./libosxapp.dylib
0x0000000009f2d000 	/System/Library/Frameworks/ExceptionHandling.framework/Versions/A/ExceptionHandling
0x0000000009f2d000 	/System/Library/PrivateFrameworks/CoreServicesInternal.framework/Versions/A/CoreServicesInternal
0x0000000009f2d000 	/System/Library/PrivateFrameworks/CloudDocs.framework/Versions/A/CloudDocs
0x0000000009f2d000 	/System/Library/PrivateFrameworks/CoreDuet.framework/Versions/A/CoreDuet
0x0000000009f2d000 	/System/Library/Frameworks/CloudKit.framework/Versions/A/CloudKit
0x0000000009f2d000 	/System/Library/PrivateFrameworks/ProtocolBuffer.framework/Versions/A/ProtocolBuffer
0x0000000009f2d000 	/System/Library/PrivateFrameworks/CoreDuetDaemonProtocol.framework/Versions/A/CoreDuetDaemonProtocol
0x0000000009f2d000 	/System/Library/PrivateFrameworks/CoreDuetDebugLogging.framework/Versions/A/CoreDuetDebugLogging
0x0000000009f2d000 	/System/Library/PrivateFrameworks/MMCS.framework/Versions/A/MMCS
0x0000000009f2d000 	/System/Library/Frameworks/CoreLocation.framework/Versions/A/CoreLocation
0x0000000009f2d000 	/System/Library/PrivateFrameworks/ProtectedCloudStorage.framework/Versions/A/ProtectedCloudStorage
0x0000000009f2d000 	/System/Library/PrivateFrameworks/GeoServices.framework/Versions/A/GeoServices
0x0000000009f2d000 	/System/Library/Frameworks/CoreGraphics.framework/Versions/A/Resources/libCGCMS.A.dylib
0x0000000009f2d000 	/System/Library/Frameworks/CoreGraphics.framework/Versions/A/Resources/libRIP.A.dylib
0x0000000009f2d000 	/System/Library/Frameworks/CoreGraphics.framework/Versions/A/Resources/libCGXType.A.dylib
0x0000000009f2d000 	/System/Library/Frameworks/OpenCL.framework/Versions/A/Libraries/libcldcpuengine.dylib
0x0000000009f2d000 	/System/Library/PrivateFrameworks/DiskImages.framework/Versions/A/DiskImages
0x0000000009f2d000 	/System/Library/Frameworks/DiscRecording.framework/Versions/A/DiscRecording
0x0000000009f2d000 	/usr/lib/libcsfde.dylib
0x0000000009f2d000 	/usr/lib/libcurl.4.dylib
0x0000000009f2d000 	/System/Library/PrivateFrameworks/MediaKit.framework/Versions/A/MediaKit
0x0000000009f2d000 	/usr/lib/libCoreStorage.dylib
0x0000000009f2d000 	/System/Library/PrivateFrameworks/EFILogin.framework/Versions/A/EFILogin
0x0000000009f2d000 	/usr/lib/libutil.dylib
0x0000000009f2d000 	/System/Library/PrivateFrameworks/FindMyDevice.framework/Versions/A/FindMyDevice
0x0000000009f2d000 	/System/Library/Frameworks/LDAP.framework/Versions/A/LDAP
0x0000000009f2d000 	/usr/lib/libsasl2.2.dylib
0x0000000009f2d000 	/System/Library/PrivateFrameworks/CoreDaemon.framework/Versions/B/CoreDaemon
0x0000000009f2d000 	/usr/lib/libcrypto.0.9.8.dylib
0x0000000009f2d000 	/System/Library/PrivateFrameworks/AppleSRP.framework/Versions/A/AppleSRP
0x0000000009f2d000 	/System/Library/PrivateFrameworks/TrustEvaluationAgent.framework/Versions/A/TrustEvaluationAgent
0x0000000128627000 	cl_kernels
0x0000000128629000 	/System/Library/Frameworks/OpenCL.framework/Versions/A/Libraries/ImageFormats/unorm8_bgra.dylib
0x0000000128618000 	cl_kernels
0x0000000009f2d000 	/System/Library/PrivateFrameworks/FamilyControls.framework/Versions/A/FamilyControls
0x0000000009f2d000 	/System/Library/PrivateFrameworks/CommerceKit.framework/Versions/A/Frameworks/CommerceCore.framework/Versions/A/CommerceCore
0x0000000009f2d000 	/System/Library/PrivateFrameworks/SystemAdministration.framework/Versions/A/SystemAdministration
0x0000000009f2d000 	/System/Library/PrivateFrameworks/AppContainer.framework/Versions/A/AppContainer
0x0000000009f2d000 	/System/Library/PrivateFrameworks/SecCodeWrapper.framework/Versions/A/SecCodeWrapper
0x0000000009f2d000 	/System/Library/Frameworks/DirectoryService.framework/Versions/A/DirectoryService
0x0000000009f2d000 	/System/Library/PrivateFrameworks/LoginUIKit.framework/Versions/A/Frameworks/LoginUICore.framework/Versions/A/LoginUICore
0x0000000009f2d000 	/usr/lib/libodfde.dylib
0x0000000129871000 	/Library/Java/JavaVirtualMachines/jdk1.8.0_51.jdk/Contents/Home/jre/lib/libfontmanager.dylib
0x0000000009f2d000 	/System/Library/Frameworks/OpenGL.framework/Versions/A/Resources/GLEngine.bundle/GLEngine
0x0000000009f2d000 	/System/Library/Frameworks/OpenGL.framework/Versions/A/Libraries/libGLProgrammability.dylib
0x0000000129ade000 	/System/Library/Extensions/AppleIntelBDWGraphicsGLDriver.bundle/Contents/MacOS/AppleIntelBDWGraphicsGLDriver
0x0000000009f2d000 	/System/Library/PrivateFrameworks/IOAccelerator.framework/Versions/A/IOAccelerator
0x0000000009f2d000 	/System/Library/PrivateFrameworks/GPUSupport.framework/Versions/A/Libraries/libGPUSupportMercury.dylib
0x0000000009f2d000 	/System/Library/Frameworks/OpenGL.framework/Versions/A/Resources/GLRendererFloat.bundle/GLRendererFloat
0x000000012aac7000 	/Library/Java/JavaVirtualMachines/jdk1.8.0_51.jdk/Contents/Home/jre/lib/libosxui.dylib
0x000000012ca81000 	/Library/Java/JavaVirtualMachines/jdk1.8.0_51.jdk/Contents/Home/jre/lib/libnet.dylib
0x000000012c80f000 	/Library/Java/JavaVirtualMachines/jdk1.8.0_51.jdk/Contents/Home/jre/lib/libnio.dylib
0x0000000009f2d000 	/System/Library/Frameworks/Accelerate.framework/Versions/A/Frameworks/vImage.framework/Versions/A/Libraries/libCGInterfaces.dylib

VM Arguments:
jvm_args: -agentlib:jdwp=transport=dt_socket,suspend=y,address=localhost:49438 -Dfile.encoding=UTF-8 
java_command: game.MainMenu
java_class_path (initial): /Users/103816/git/RopeOfHope/RopeOfHope/bin:/Users/103816/git/RopeOfHope/RopeOfHope/jgoodies-forms-1.8.0.jar
Launcher Type: SUN_STANDARD

Environment Variables:
PATH=/usr/bin:/bin:/usr/sbin:/sbin
SHELL=/bin/bash

Signal Handlers:
SIGSEGV: [libjvm.dylib+0x58ef35], sa_mask[0]=11111111011111110111111111111111, sa_flags=SA_ONSTACK|SA_RESTART|SA_SIGINFO
SIGBUS: [libjvm.dylib+0x58ef35], sa_mask[0]=11111111011111110111111111111111, sa_flags=SA_RESTART|SA_SIGINFO
SIGFPE: [libjvm.dylib+0x46c028], sa_mask[0]=11111111011111110111111111111111, sa_flags=SA_RESTART|SA_SIGINFO
SIGPIPE: [libjvm.dylib+0x46c028], sa_mask[0]=11111111011111110111111111111111, sa_flags=SA_RESTART|SA_SIGINFO
SIGXFSZ: [libjvm.dylib+0x46c028], sa_mask[0]=11111111011111110111111111111111, sa_flags=SA_RESTART|SA_SIGINFO
SIGILL: [libjvm.dylib+0x46c028], sa_mask[0]=11111111011111110111111111111111, sa_flags=SA_RESTART|SA_SIGINFO
SIGUSR1: SIG_DFL, sa_mask[0]=00000000000000000000000000000000, sa_flags=none
SIGUSR2: [libjvm.dylib+0x46bb46], sa_mask[0]=00100000000000000000000000000000, sa_flags=SA_RESTART|SA_SIGINFO
SIGHUP: [libjvm.dylib+0x46a119], sa_mask[0]=11111111011111110111111111111111, sa_flags=SA_RESTART|SA_SIGINFO
SIGINT: [libjvm.dylib+0x46a119], sa_mask[0]=11111111011111110111111111111111, sa_flags=SA_RESTART|SA_SIGINFO
SIGTERM: [libjvm.dylib+0x46a119], sa_mask[0]=11111111011111110111111111111111, sa_flags=SA_RESTART|SA_SIGINFO
SIGQUIT: [libjvm.dylib+0x46a119], sa_mask[0]=11111111011111110111111111111111, sa_flags=SA_RESTART|SA_SIGINFO


---------------  S Y S T E M  ---------------

OS:Bsduname:Darwin 14.5.0 Darwin Kernel Version 14.5.0: Tue Sep  1 21:23:09 PDT 2015; root:xnu-2782.50.1~1/RELEASE_X86_64 x86_64
rlimit: STACK 8192k, CORE 0k, NPROC 709, NOFILE 10240, AS infinity
load average:1.25 1.50 1.58

CPU:total 4 (2 cores per cpu, 2 threads per core) family 6 model 61 stepping 4, cmov, cx8, fxsr, mmx, sse, sse2, sse3, ssse3, sse4.1, sse4.2, popcnt, avx, avx2, aes, clmul, erms, 3dnowpref, lzcnt, ht, tsc, tscinvbit, bmi1, bmi2, adx

Memory: 4k page, physical 4194304k(292476k free)

/proc/meminfo:


vm_info: Java HotSpot(TM) 64-Bit Server VM (25.51-b03) for bsd-amd64 JRE (1.8.0_51-b16), built on Jun  8 2015 18:01:11 by "java_re" with gcc 4.2.1 (Based on Apple Inc. build 5658) (LLVM build 2336.11.00)

time: Sat Oct 29 13:57:05 2016
elapsed time: 152 seconds (0d 0h 2m 32s)

